Using pre-set license
Built from '2020.2/china_unity/release' branch; Version is '2020.2.1f1c1 (252d8215dd99) revision 2436482'; Using compiler version '192528614'; Build Type 'Release'
OS: 'Windows 10  (10.0.0) 64bit' Language: 'zh' Physical Memory: 16303 MB
BatchMode: 1, IsHumanControllingUs: 0, StartBugReporterOnCrash: 0, Is64bit: 1, IsPro: 0

 COMMAND LINE ARGUMENTS:
F:\unity\2020.2.1f1c1\Editor\Unity.exe
-adb2
-batchMode
-noUpm
-name
AssetImportWorker1
-projectPath
E:/Unity_Projects/UnityLearn_FPSGame/FPSGame
-logFile
Logs/AssetImportWorker1.log
-srvPort
51865
Successfully changed project path to: E:/Unity_Projects/UnityLearn_FPSGame/FPSGame
E:/Unity_Projects/UnityLearn_FPSGame/FPSGame
Using Asset Import Pipeline V2.
Refreshing native plugins compatible for Editor in 46.53 ms, found 0 plugins.
Preloading 0 native plugins for Editor in 0.00 ms.
Initialize engine version: 2020.2.1f1c1 (252d8215dd99)
[Subsystems] Discovering subsystems at path F:/unity/2020.2.1f1c1/Editor/Data/Resources/UnitySubsystems
[Subsystems] Discovering subsystems at path E:/Unity_Projects/UnityLearn_FPSGame/FPSGame/Assets
GfxDevice: creating device client; threaded=0
Direct3D:
    Version:  Direct3D 11.0 [level 11.1]
    Renderer: NVIDIA GeForce GTX 1050 Ti (ID=0x1c8c)
    Vendor:   
    VRAM:     4018 MB
    Driver:   27.21.14.6627
Initialize mono
Mono path[0] = 'F:/unity/2020.2.1f1c1/Editor/Data/Managed'
Mono path[1] = 'F:/unity/2020.2.1f1c1/Editor/Data/MonoBleedingEdge/lib/mono/unityjit'
Mono config path = 'F:/unity/2020.2.1f1c1/Editor/Data/MonoBleedingEdge/etc'
Using monoOptions --debugger-agent=transport=dt_socket,embedding=1,server=y,suspend=n,address=127.0.0.1:56756
Begin MonoManager ReloadAssembly
Registering precompiled unity dll's ...
Register platform support module: F:/unity/2020.2.1f1c1/Editor/Data/PlaybackEngines/WindowsStandaloneSupport/UnityEditor.WindowsStandalone.Extensions.dll
Registered in 0.001301 seconds.
Native extension for WindowsStandalone target not found
Refreshing native plugins compatible for Editor in 45.76 ms, found 0 plugins.
Preloading 0 native plugins for Editor in 0.00 ms.
Invoked RoslynAnalysisRunner static constructor.
RoslynAnalysisRunner will not be running.
RoslynAnalysisRunner has terminated.
Mono: successfully reloaded assembly
- Completed reload, in  1.682 seconds
Platform modules already initialized, skipping
Registering precompiled user dll's ...
Registered in 0.000790 seconds.
Begin MonoManager ReloadAssembly
Native extension for WindowsStandalone target not found
Refreshing native plugins compatible for Editor in 0.30 ms, found 0 plugins.
Preloading 0 native plugins for Editor in 0.00 ms.
Invoked RoslynAnalysisRunner static constructor.
RoslynAnalysisRunner will not be running.
RoslynAnalysisRunner has terminated.
Mono: successfully reloaded assembly
- Completed reload, in  1.077 seconds
Platform modules already initialized, skipping
========================================================================
Worker process is ready to serve import requests
Failed to get socket connection from UnityShaderCompiler.exe shader compiler! F:/unity/2020.2.1f1c1/Editor/Data/Tools/UnityShaderCompiler.exe

Launched and connected shader compiler UnityShaderCompiler.exe after 0.06 seconds
Refreshing native plugins compatible for Editor in 0.39 ms, found 0 plugins.
Preloading 0 native plugins for Editor in 0.00 ms.
Unloading 1524 Unused Serialized files (Serialized files now loaded: 0)
System memory in use before: 77.0 MB.
System memory in use after: 77.1 MB.

Unloading 69 unused Assets to reduce memory usage. Loaded Objects now: 1963.
Total: 2.896200 ms (FindLiveObjects: 0.373700 ms CreateObjectMapping: 0.090300 ms MarkObjects: 2.178500 ms  DeleteObjects: 0.252600 ms)

========================================================================
Received Import Request.
  path: Assets/Textures
  artifactKey: Guid(d8de3138a9d06dc4985568fab340d616) Importer(815301076,1909f56bfc062723c751e8b465ee728b)
Start importing Assets/Textures using Guid(d8de3138a9d06dc4985568fab340d616) Importer(815301076,1909f56bfc062723c751e8b465ee728b)  -> (artifact id: '59899284cf969370f30edf7e852c0eb9') in 0.005684 seconds
  Import took 0.020323 seconds .

========================================================================
Received Import Request.
  Time since last request: 0.000293 seconds.
  path: Assets/Models/Gun_Mat.mat
  artifactKey: Guid(7105f6c1c6425f240a723fcc09c39b88) Importer(815301076,1909f56bfc062723c751e8b465ee728b)
Start importing Assets/Models/Gun_Mat.mat using Guid(7105f6c1c6425f240a723fcc09c39b88) Importer(815301076,1909f56bfc062723c751e8b465ee728b)  -> (artifact id: '91a3d896958ea7a1e0682de4ee8f2104') in 0.186575 seconds
  Import took 0.200861 seconds .

========================================================================
Received Import Request.
  Time since last request: 0.000412 seconds.
  path: Assets/Models
  artifactKey: Guid(67d3eb36627890d438470f24e1105a48) Importer(815301076,1909f56bfc062723c751e8b465ee728b)
Start importing Assets/Models using Guid(67d3eb36627890d438470f24e1105a48) Importer(815301076,1909f56bfc062723c751e8b465ee728b)  -> (artifact id: 'a2d0eecf30a5cbeb17a156e512807941') in 0.002559 seconds
  Import took 0.014604 seconds .

========================================================================
Received Import Request.
  Time since last request: 0.000251 seconds.
  path: Assets/Models/sci-fi-rifle-gun2.fbx
  artifactKey: Guid(ba3599fb74d5b8b48a880a7260f1942c) Importer(815301076,1909f56bfc062723c751e8b465ee728b)
Start importing Assets/Models/sci-fi-rifle-gun2.fbx using Guid(ba3599fb74d5b8b48a880a7260f1942c) Importer(815301076,1909f56bfc062723c751e8b465ee728b)  -> (artifact id: '7decaeebd652e881c9b0eace843c4326') in 0.190359 seconds
  Import took 0.214774 seconds .

========================================================================
Received Import Request.
  Time since last request: 0.000350 seconds.
  path: Assets/Textures/Gun
  artifactKey: Guid(d6ee3e7a6952267498abd4df1d98f4a3) Importer(815301076,1909f56bfc062723c751e8b465ee728b)
Start importing Assets/Textures/Gun using Guid(d6ee3e7a6952267498abd4df1d98f4a3) Importer(815301076,1909f56bfc062723c751e8b465ee728b)  -> (artifact id: 'fe363c132324c28703c1bc67faa59fa9') in 0.002738 seconds
  Import took 0.020258 seconds .

========================================================================
Received Import Request.
  Time since last request: 0.000261 seconds.
  path: Assets/Textures/Gun/Gun_E.tga
  artifactKey: Guid(c4abaac1a7d1beb43a7ef0e1bfcdf643) Importer(815301076,1909f56bfc062723c751e8b465ee728b)
Start importing Assets/Textures/Gun/Gun_E.tga using Guid(c4abaac1a7d1beb43a7ef0e1bfcdf643) Importer(815301076,1909f56bfc062723c751e8b465ee728b)  -> (artifact id: '523c682ca105cc6110f04a224bb14fe2') in 0.022081 seconds
  Import took 0.042690 seconds .

========================================================================
Received Import Request.
  Time since last request: 0.000263 seconds.
  path: Assets/Textures/Gun/Gun_M.tga
  artifactKey: Guid(6a31a3164f1643a4eb1494a16671c81f) Importer(815301076,1909f56bfc062723c751e8b465ee728b)
Start importing Assets/Textures/Gun/Gun_M.tga using Guid(6a31a3164f1643a4eb1494a16671c81f) Importer(815301076,1909f56bfc062723c751e8b465ee728b)  -> (artifact id: 'db804a847f0a52225e93269e39dd7960') in 0.010995 seconds
  Import took 0.014216 seconds .

========================================================================
Received Import Request.
  Time since last request: 0.000282 seconds.
  path: Assets/Textures/Gun/Gun_NRM.tga
  artifactKey: Guid(7664fe217c293994ea9432b1e04c041c) Importer(815301076,1909f56bfc062723c751e8b465ee728b)
Start importing Assets/Textures/Gun/Gun_NRM.tga using Guid(7664fe217c293994ea9432b1e04c041c) Importer(815301076,1909f56bfc062723c751e8b465ee728b)  -> (artifact id: '46e6059aaa8e0d12fb21974ef0829b4f') in 0.014777 seconds
  Import took 0.032274 seconds .

========================================================================
Received Import Request.
  Time since last request: 0.000405 seconds.
  path: Assets/Textures/Gun/Gun_D.tga
  artifactKey: Guid(69506aa6537b9884693d2a5dd89517b6) Importer(815301076,1909f56bfc062723c751e8b465ee728b)
Start importing Assets/Textures/Gun/Gun_D.tga using Guid(69506aa6537b9884693d2a5dd89517b6) Importer(815301076,1909f56bfc062723c751e8b465ee728b)  -> (artifact id: '5a712ddcc8088e98fe6d7be59aec5f94') in 0.009832 seconds
  Import took 0.019205 seconds .

========================================================================
Received Import Request.
  Time since last request: 0.000299 seconds.
  path: Assets/Prefabs/Player/Player.prefab
  artifactKey: Guid(1afd87ad4ad19e747bb1e02c61ebe63c) Importer(815301076,1909f56bfc062723c751e8b465ee728b)
Start importing Assets/Prefabs/Player/Player.prefab using Guid(1afd87ad4ad19e747bb1e02c61ebe63c) Importer(815301076,1909f56bfc062723c751e8b465ee728b)  -> (artifact id: '8ee12dc3e43fe8befa3170daf2718d3b') in 0.021695 seconds
  Import took 0.037296 seconds .

AssetImportWorkerClient::OnTransportError - code=2 error=End of file
