Using pre-set license
Built from '2020.2/china_unity/release' branch; Version is '2020.2.1f1c1 (252d8215dd99) revision 2436482'; Using compiler version '192528614'; Build Type 'Release'
OS: 'Windows 10  (10.0.0) 64bit' Language: 'zh' Physical Memory: 16303 MB
BatchMode: 1, IsHumanControllingUs: 0, StartBugReporterOnCrash: 0, Is64bit: 1, IsPro: 0

 COMMAND LINE ARGUMENTS:
F:\unity\2020.2.1f1c1\Editor\Unity.exe
-adb2
-batchMode
-noUpm
-name
AssetImportWorker0
-projectPath
E:/Unity_Projects/UnityLearn_FPSGame/FPSGame
-logFile
Logs/AssetImportWorker0.log
-srvPort
52451
Successfully changed project path to: E:/Unity_Projects/UnityLearn_FPSGame/FPSGame
E:/Unity_Projects/UnityLearn_FPSGame/FPSGame
Using Asset Import Pipeline V2.
Refreshing native plugins compatible for Editor in 37.23 ms, found 0 plugins.
Preloading 0 native plugins for Editor in 0.00 ms.
Initialize engine version: 2020.2.1f1c1 (252d8215dd99)
[Subsystems] Discovering subsystems at path F:/unity/2020.2.1f1c1/Editor/Data/Resources/UnitySubsystems
[Subsystems] Discovering subsystems at path E:/Unity_Projects/UnityLearn_FPSGame/FPSGame/Assets
GfxDevice: creating device client; threaded=0
Direct3D:
    Version:  Direct3D 11.0 [level 11.1]
    Renderer: NVIDIA GeForce GTX 1050 Ti (ID=0x1c8c)
    Vendor:   
    VRAM:     4018 MB
    Driver:   27.21.14.6627
Initialize mono
Mono path[0] = 'F:/unity/2020.2.1f1c1/Editor/Data/Managed'
Mono path[1] = 'F:/unity/2020.2.1f1c1/Editor/Data/MonoBleedingEdge/lib/mono/unityjit'
Mono config path = 'F:/unity/2020.2.1f1c1/Editor/Data/MonoBleedingEdge/etc'
Using monoOptions --debugger-agent=transport=dt_socket,embedding=1,server=y,suspend=n,address=127.0.0.1:56128
Begin MonoManager ReloadAssembly
Registering precompiled unity dll's ...
Register platform support module: F:/unity/2020.2.1f1c1/Editor/Data/PlaybackEngines/WindowsStandaloneSupport/UnityEditor.WindowsStandalone.Extensions.dll
Registered in 0.001939 seconds.
Native extension for WindowsStandalone target not found
Refreshing native plugins compatible for Editor in 47.17 ms, found 0 plugins.
Preloading 0 native plugins for Editor in 0.00 ms.
Invoked RoslynAnalysisRunner static constructor.
RoslynAnalysisRunner will not be running.
RoslynAnalysisRunner has terminated.
Mono: successfully reloaded assembly
- Completed reload, in  1.713 seconds
Platform modules already initialized, skipping
Registering precompiled user dll's ...
Registered in 0.000915 seconds.
Begin MonoManager ReloadAssembly
Native extension for WindowsStandalone target not found
Refreshing native plugins compatible for Editor in 0.31 ms, found 0 plugins.
Preloading 0 native plugins for Editor in 0.00 ms.
Invoked RoslynAnalysisRunner static constructor.
RoslynAnalysisRunner will not be running.
RoslynAnalysisRunner has terminated.
Mono: successfully reloaded assembly
- Completed reload, in  1.001 seconds
Platform modules already initialized, skipping
========================================================================
Worker process is ready to serve import requests
Launched and connected shader compiler UnityShaderCompiler.exe after 0.06 seconds
Refreshing native plugins compatible for Editor in 0.53 ms, found 0 plugins.
Preloading 0 native plugins for Editor in 0.00 ms.
Unloading 1521 Unused Serialized files (Serialized files now loaded: 0)
System memory in use before: 76.5 MB.
System memory in use after: 76.6 MB.

Unloading 69 unused Assets to reduce memory usage. Loaded Objects now: 1958.
Total: 2.670200 ms (FindLiveObjects: 0.162100 ms CreateObjectMapping: 0.055400 ms MarkObjects: 2.258300 ms  DeleteObjects: 0.193400 ms)

========================================================================
Received Import Request.
  path: Assets/Scenes
  artifactKey: Guid(c9c5f8d5ad14fec40ac14b51bce8f193) Importer(815301076,1909f56bfc062723c751e8b465ee728b)
Start importing Assets/Scenes using Guid(c9c5f8d5ad14fec40ac14b51bce8f193) Importer(815301076,1909f56bfc062723c751e8b465ee728b)  -> (artifact id: '738a73d38a709067e157117c520b0e96') in 0.004598 seconds
  Import took 0.007147 seconds .

========================================================================
Received Import Request.
  Time since last request: 0.000247 seconds.
  path: Assets/AssetStoreOriginals
  artifactKey: Guid(8bb365b476b120440ab96b00dbec8315) Importer(815301076,1909f56bfc062723c751e8b465ee728b)
Start importing Assets/AssetStoreOriginals using Guid(8bb365b476b120440ab96b00dbec8315) Importer(815301076,1909f56bfc062723c751e8b465ee728b)  -> (artifact id: 'ba8b821cf65d06f8ec9bf54e2a35bbd6') in 0.002661 seconds
  Import took 0.005290 seconds .

========================================================================
Received Import Request.
  Time since last request: 2.832758 seconds.
  path: Assets/AssetStoreOriginals/_SNAPS_PrototypingAssets
  artifactKey: Guid(3ed28051c80a1394bbf05fabb2b1b02d) Importer(815301076,1909f56bfc062723c751e8b465ee728b)
Start importing Assets/AssetStoreOriginals/_SNAPS_PrototypingAssets using Guid(3ed28051c80a1394bbf05fabb2b1b02d) Importer(815301076,1909f56bfc062723c751e8b465ee728b)  -> (artifact id: 'f7773d60ef6e01921a7eda3c600a6c75') in 0.003350 seconds
  Import took 0.006587 seconds .

========================================================================
Received Import Request.
  Time since last request: 1.673659 seconds.
  path: Assets/AssetStoreOriginals/_SNAPS_PrototypingAssets/SciFi_Industrial
  artifactKey: Guid(d206abfdd01eab744bc3ba138e3bd0a2) Importer(815301076,1909f56bfc062723c751e8b465ee728b)
Start importing Assets/AssetStoreOriginals/_SNAPS_PrototypingAssets/SciFi_Industrial using Guid(d206abfdd01eab744bc3ba138e3bd0a2) Importer(815301076,1909f56bfc062723c751e8b465ee728b)  -> (artifact id: '3b9006d7182a0226f895e95102824303') in 0.022172 seconds
  Import took 0.026160 seconds .

========================================================================
Received Import Request.
  Time since last request: 1.235850 seconds.
  path: Assets/AssetStoreOriginals/_SNAPS_PrototypingAssets/SciFi_Industrial/Prefabs
  artifactKey: Guid(ff14c7071bdff4a41b8fee35ea7b165e) Importer(815301076,1909f56bfc062723c751e8b465ee728b)
Start importing Assets/AssetStoreOriginals/_SNAPS_PrototypingAssets/SciFi_Industrial/Prefabs using Guid(ff14c7071bdff4a41b8fee35ea7b165e) Importer(815301076,1909f56bfc062723c751e8b465ee728b)  -> (artifact id: '53d079a0253079f2949d19b0b30eca5c') in 0.003776 seconds
  Import took 0.007070 seconds .

========================================================================
Received Import Request.
  Time since last request: 4.159955 seconds.
  path: Assets/AssetStoreOriginals/_SNAPS_PrototypingAssets/SciFi_Industrial/Prefabs/Structure
  artifactKey: Guid(9a17b63390b2416458c1a71c8f5b7af5) Importer(815301076,1909f56bfc062723c751e8b465ee728b)
Start importing Assets/AssetStoreOriginals/_SNAPS_PrototypingAssets/SciFi_Industrial/Prefabs/Structure using Guid(9a17b63390b2416458c1a71c8f5b7af5) Importer(815301076,1909f56bfc062723c751e8b465ee728b)  -> (artifact id: '007d57baf2efefeb42a26623be00a426') in 0.003097 seconds
  Import took 0.005999 seconds .

========================================================================
Received Import Request.
  Time since last request: 2.496595 seconds.
  path: Assets/AssetStoreOriginals/_SNAPS_PrototypingAssets/SciFi_Industrial/Prefabs/Structure/Floors_Ceilings
  artifactKey: Guid(91daaf22674e9ed48b0e397502fcb0ce) Importer(815301076,1909f56bfc062723c751e8b465ee728b)
Start importing Assets/AssetStoreOriginals/_SNAPS_PrototypingAssets/SciFi_Industrial/Prefabs/Structure/Floors_Ceilings using Guid(91daaf22674e9ed48b0e397502fcb0ce) Importer(815301076,1909f56bfc062723c751e8b465ee728b)  -> (artifact id: '1312204875d6fe320d5416789ad9f53c') in 0.004003 seconds
  Import took 0.006999 seconds .

========================================================================
Received Import Request.
  Time since last request: 0.092489 seconds.
  path: Assets/AssetStoreOriginals/_SNAPS_PrototypingAssets/SciFi_Industrial/Prefabs/Structure/Floors_Ceilings/Deck_Ceiling_01_snaps002.prefab
  artifactKey: Guid(dad5ac76e863a834aa3d74b266e53f15) Importer(815301076,1909f56bfc062723c751e8b465ee728b)
Start importing Assets/AssetStoreOriginals/_SNAPS_PrototypingAssets/SciFi_Industrial/Prefabs/Structure/Floors_Ceilings/Deck_Ceiling_01_snaps002.prefab using Guid(dad5ac76e863a834aa3d74b266e53f15) Importer(815301076,1909f56bfc062723c751e8b465ee728b)  -> (artifact id: 'd9d11e4e9589353a6b2fa9db24a0f512') in 0.379953 seconds
  Import took 0.382949 seconds .

========================================================================
Received Import Request.
  Time since last request: 0.000272 seconds.
  path: Assets/AssetStoreOriginals/_SNAPS_PrototypingAssets/SciFi_Industrial/Prefabs/Structure/Floors_Ceilings/Quart_Floor_02_snaps002.prefab
  artifactKey: Guid(b87038a107f3a6c46a43a708f8f4e175) Importer(815301076,1909f56bfc062723c751e8b465ee728b)
Start importing Assets/AssetStoreOriginals/_SNAPS_PrototypingAssets/SciFi_Industrial/Prefabs/Structure/Floors_Ceilings/Quart_Floor_02_snaps002.prefab using Guid(b87038a107f3a6c46a43a708f8f4e175) Importer(815301076,1909f56bfc062723c751e8b465ee728b)  -> (artifact id: '46ec0105c80177b6f776730b9024c2fb') in 0.013829 seconds
  Import took 0.016899 seconds .

========================================================================
Received Import Request.
  Time since last request: 0.000296 seconds.
  path: Assets/AssetStoreOriginals/_SNAPS_PrototypingAssets/SciFi_Industrial/Prefabs/Structure/Floors_Ceilings/Deck_Floor_01_snaps002.prefab
  artifactKey: Guid(d386f8832054e9c4ebb7feebef84fb0c) Importer(815301076,1909f56bfc062723c751e8b465ee728b)
Start importing Assets/AssetStoreOriginals/_SNAPS_PrototypingAssets/SciFi_Industrial/Prefabs/Structure/Floors_Ceilings/Deck_Floor_01_snaps002.prefab using Guid(d386f8832054e9c4ebb7feebef84fb0c) Importer(815301076,1909f56bfc062723c751e8b465ee728b)  -> (artifact id: 'dbe4e33f6dab30fe211770e6135e9375') in 0.015102 seconds
  Import took 0.018406 seconds .

========================================================================
Received Import Request.
  Time since last request: 0.000432 seconds.
  path: Assets/AssetStoreOriginals/_SNAPS_PrototypingAssets/SciFi_Industrial/Prefabs/Structure/Floors_Ceilings/Gen_Floor_02_snaps002.prefab
  artifactKey: Guid(113eb5af96ee2094eac8dc88dfc5b274) Importer(815301076,1909f56bfc062723c751e8b465ee728b)
Start importing Assets/AssetStoreOriginals/_SNAPS_PrototypingAssets/SciFi_Industrial/Prefabs/Structure/Floors_Ceilings/Gen_Floor_02_snaps002.prefab using Guid(113eb5af96ee2094eac8dc88dfc5b274) Importer(815301076,1909f56bfc062723c751e8b465ee728b)  -> (artifact id: 'b207ad475f413ed7870275a97adf06ec') in 0.014278 seconds
  Import took 0.017943 seconds .

========================================================================
Received Import Request.
  Time since last request: 0.000311 seconds.
  path: Assets/AssetStoreOriginals/_SNAPS_PrototypingAssets/SciFi_Industrial/Prefabs/Structure/Floors_Ceilings/Quart_FloorCeiling_01_snaps002.prefab
  artifactKey: Guid(6b1b1129abf04be4f96d8cadf3c9c816) Importer(815301076,1909f56bfc062723c751e8b465ee728b)
Start importing Assets/AssetStoreOriginals/_SNAPS_PrototypingAssets/SciFi_Industrial/Prefabs/Structure/Floors_Ceilings/Quart_FloorCeiling_01_snaps002.prefab using Guid(6b1b1129abf04be4f96d8cadf3c9c816) Importer(815301076,1909f56bfc062723c751e8b465ee728b)  -> (artifact id: '302b7f055722fc602596d6da4a269cf6') in 0.044518 seconds
  Import took 0.047487 seconds .

========================================================================
Received Import Request.
  Time since last request: 0.000406 seconds.
  path: Assets/AssetStoreOriginals/_SNAPS_PrototypingAssets/SciFi_Industrial/Prefabs/Structure/Floors_Ceilings/Quart_Ceiling_02_snaps002.prefab
  artifactKey: Guid(47645e6370fb9eb498189c1439e90c3a) Importer(815301076,1909f56bfc062723c751e8b465ee728b)
Start importing Assets/AssetStoreOriginals/_SNAPS_PrototypingAssets/SciFi_Industrial/Prefabs/Structure/Floors_Ceilings/Quart_Ceiling_02_snaps002.prefab using Guid(47645e6370fb9eb498189c1439e90c3a) Importer(815301076,1909f56bfc062723c751e8b465ee728b)  -> (artifact id: '506e20b72a87797db4de5bd6da453047') in 0.015410 seconds
  Import took 0.019344 seconds .

========================================================================
Received Import Request.
  Time since last request: 0.000331 seconds.
  path: Assets/AssetStoreOriginals/_SNAPS_PrototypingAssets/SciFi_Industrial/Prefabs/Structure/Floors_Ceilings/Deck_Ceiling_02_snaps002.prefab
  artifactKey: Guid(1a8e35a83ad2f4d449d1255a2310462c) Importer(815301076,1909f56bfc062723c751e8b465ee728b)
Start importing Assets/AssetStoreOriginals/_SNAPS_PrototypingAssets/SciFi_Industrial/Prefabs/Structure/Floors_Ceilings/Deck_Ceiling_02_snaps002.prefab using Guid(1a8e35a83ad2f4d449d1255a2310462c) Importer(815301076,1909f56bfc062723c751e8b465ee728b)  -> (artifact id: 'c7a7bec25ada3f77fe0cd49dd53c2b57') in 0.017060 seconds
  Import took 0.020717 seconds .

========================================================================
Received Import Request.
  Time since last request: 0.000305 seconds.
  path: Assets/AssetStoreOriginals/_SNAPS_PrototypingAssets/SciFi_Industrial/Prefabs/Structure/Floors_Ceilings/Gen_FloorCeiling_01_snaps002.prefab
  artifactKey: Guid(48747a2f9069f384597b1a434690ae2d) Importer(815301076,1909f56bfc062723c751e8b465ee728b)
Start importing Assets/AssetStoreOriginals/_SNAPS_PrototypingAssets/SciFi_Industrial/Prefabs/Structure/Floors_Ceilings/Gen_FloorCeiling_01_snaps002.prefab using Guid(48747a2f9069f384597b1a434690ae2d) Importer(815301076,1909f56bfc062723c751e8b465ee728b)  -> (artifact id: 'c59ec93213d5eec16e59479b3fbe27eb') in 0.016191 seconds
  Import took 0.019533 seconds .

========================================================================
Received Import Request.
  Time since last request: 0.000275 seconds.
  path: Assets/AssetStoreOriginals/_SNAPS_PrototypingAssets/SciFi_Industrial/Prefabs/Structure/Floors_Ceilings/Gen_Ceiling_01_snaps002.prefab
  artifactKey: Guid(2955c9e25b5689241aa77f1655c69b25) Importer(815301076,1909f56bfc062723c751e8b465ee728b)
Start importing Assets/AssetStoreOriginals/_SNAPS_PrototypingAssets/SciFi_Industrial/Prefabs/Structure/Floors_Ceilings/Gen_Ceiling_01_snaps002.prefab using Guid(2955c9e25b5689241aa77f1655c69b25) Importer(815301076,1909f56bfc062723c751e8b465ee728b)  -> (artifact id: '4b9065f033c10bdecc825533b1e2bc86') in 0.015534 seconds
  Import took 0.019120 seconds .

========================================================================
Received Import Request.
  Time since last request: 0.000291 seconds.
  path: Assets/AssetStoreOriginals/_SNAPS_PrototypingAssets/SciFi_Industrial/Prefabs/Structure/Floors_Ceilings/Gen_Floor_01_snaps002.prefab
  artifactKey: Guid(7de2f47ecbafa1a429e13c54d20d7bdb) Importer(815301076,1909f56bfc062723c751e8b465ee728b)
Start importing Assets/AssetStoreOriginals/_SNAPS_PrototypingAssets/SciFi_Industrial/Prefabs/Structure/Floors_Ceilings/Gen_Floor_01_snaps002.prefab using Guid(7de2f47ecbafa1a429e13c54d20d7bdb) Importer(815301076,1909f56bfc062723c751e8b465ee728b)  -> (artifact id: 'dc42af815abae95746adc5c32443860d') in 0.015782 seconds
  Import took 0.020099 seconds .

========================================================================
Received Import Request.
  Time since last request: 0.000378 seconds.
  path: Assets/AssetStoreOriginals/_SNAPS_PrototypingAssets/SciFi_Industrial/Prefabs/Structure/Floors_Ceilings/Gen_FloorCeiling_02_snaps002.prefab
  artifactKey: Guid(36f73ba48af97f64fb68b254be9aaab5) Importer(815301076,1909f56bfc062723c751e8b465ee728b)
Start importing Assets/AssetStoreOriginals/_SNAPS_PrototypingAssets/SciFi_Industrial/Prefabs/Structure/Floors_Ceilings/Gen_FloorCeiling_02_snaps002.prefab using Guid(36f73ba48af97f64fb68b254be9aaab5) Importer(815301076,1909f56bfc062723c751e8b465ee728b)  -> (artifact id: 'a3c8385113817fe07cd7e2cbcef6676c') in 0.013961 seconds
  Import took 0.018083 seconds .

========================================================================
Received Import Request.
  Time since last request: 0.000443 seconds.
  path: Assets/AssetStoreOriginals/_SNAPS_PrototypingAssets/SciFi_Industrial/Prefabs/Structure/Floors_Ceilings/Gen_Floor_03_snaps002.prefab
  artifactKey: Guid(c45c41f59dbb9894cb895ef86d325026) Importer(815301076,1909f56bfc062723c751e8b465ee728b)
Start importing Assets/AssetStoreOriginals/_SNAPS_PrototypingAssets/SciFi_Industrial/Prefabs/Structure/Floors_Ceilings/Gen_Floor_03_snaps002.prefab using Guid(c45c41f59dbb9894cb895ef86d325026) Importer(815301076,1909f56bfc062723c751e8b465ee728b)  -> (artifact id: '169be36d617a14fc5492372aec4a23bd') in 0.013135 seconds
  Import took 0.016514 seconds .

========================================================================
Received Import Request.
  Time since last request: 0.000414 seconds.
  path: Assets/AssetStoreOriginals/_SNAPS_PrototypingAssets/SciFi_Industrial/Prefabs/Structure/Floors_Ceilings/Quart_Ceiling_01_snaps002.prefab
  artifactKey: Guid(33e0e05dd604df144b8444bce5f133e1) Importer(815301076,1909f56bfc062723c751e8b465ee728b)
Start importing Assets/AssetStoreOriginals/_SNAPS_PrototypingAssets/SciFi_Industrial/Prefabs/Structure/Floors_Ceilings/Quart_Ceiling_01_snaps002.prefab using Guid(33e0e05dd604df144b8444bce5f133e1) Importer(815301076,1909f56bfc062723c751e8b465ee728b)  -> (artifact id: 'bf1fa70cb1b904c6e8ac212832c75f9b') in 0.012870 seconds
  Import took 0.016075 seconds .

========================================================================
Received Import Request.
  Time since last request: 0.000349 seconds.
  path: Assets/AssetStoreOriginals/_SNAPS_PrototypingAssets/SciFi_Industrial/Prefabs/Structure/Floors_Ceilings/Quart_Floor_01_snaps002.prefab
  artifactKey: Guid(abf3564a5d03acb4eb8b1fb4f5bec245) Importer(815301076,1909f56bfc062723c751e8b465ee728b)
Start importing Assets/AssetStoreOriginals/_SNAPS_PrototypingAssets/SciFi_Industrial/Prefabs/Structure/Floors_Ceilings/Quart_Floor_01_snaps002.prefab using Guid(abf3564a5d03acb4eb8b1fb4f5bec245) Importer(815301076,1909f56bfc062723c751e8b465ee728b)  -> (artifact id: '2cf828cdf427c81cffc2d6e9b042bee9') in 0.013645 seconds
  Import took 0.017048 seconds .

========================================================================
Received Import Request.
  Time since last request: 0.000252 seconds.
  path: Assets/AssetStoreOriginals/_SNAPS_PrototypingAssets/SciFi_Industrial/Prefabs/Structure/Floors_Ceilings/Deck_FloorCeiling_01_snaps002.prefab
  artifactKey: Guid(9727ae13651b3ec479e72087edcab97a) Importer(815301076,1909f56bfc062723c751e8b465ee728b)
Start importing Assets/AssetStoreOriginals/_SNAPS_PrototypingAssets/SciFi_Industrial/Prefabs/Structure/Floors_Ceilings/Deck_FloorCeiling_01_snaps002.prefab using Guid(9727ae13651b3ec479e72087edcab97a) Importer(815301076,1909f56bfc062723c751e8b465ee728b)  -> (artifact id: 'fe5695276cc94d68e904bacd8fcc252d') in 0.013486 seconds
  Import took 0.016706 seconds .

========================================================================
Received Import Request.
  Time since last request: 0.000306 seconds.
  path: Assets/AssetStoreOriginals/_SNAPS_PrototypingAssets/SciFi_Industrial/Prefabs/Structure/Floors_Ceilings/Hale_Floor_01_snaps002.prefab
  artifactKey: Guid(98f74ca2aa4d988459ca0b72d44bd59b) Importer(815301076,1909f56bfc062723c751e8b465ee728b)
Start importing Assets/AssetStoreOriginals/_SNAPS_PrototypingAssets/SciFi_Industrial/Prefabs/Structure/Floors_Ceilings/Hale_Floor_01_snaps002.prefab using Guid(98f74ca2aa4d988459ca0b72d44bd59b) Importer(815301076,1909f56bfc062723c751e8b465ee728b)  -> (artifact id: '4867ba76e9726705b03bd6a64f58e5a1') in 0.015116 seconds
  Import took 0.018428 seconds .

========================================================================
Received Import Request.
  Time since last request: 0.000269 seconds.
  path: Assets/AssetStoreOriginals/_SNAPS_PrototypingAssets/SciFi_Industrial/Prefabs/Structure/Floors_Ceilings/Gen_Ceiling_02_snaps002.prefab
  artifactKey: Guid(5ec31ae96fe47a645a19a2facf06e472) Importer(815301076,1909f56bfc062723c751e8b465ee728b)
Start importing Assets/AssetStoreOriginals/_SNAPS_PrototypingAssets/SciFi_Industrial/Prefabs/Structure/Floors_Ceilings/Gen_Ceiling_02_snaps002.prefab using Guid(5ec31ae96fe47a645a19a2facf06e472) Importer(815301076,1909f56bfc062723c751e8b465ee728b)  -> (artifact id: 'fb552b2cd1442eb44e234092795b58bb') in 0.013640 seconds
  Import took 0.017202 seconds .

========================================================================
Received Import Request.
  Time since last request: 0.000341 seconds.
  path: Assets/AssetStoreOriginals/_SNAPS_PrototypingAssets/SciFi_Industrial/Prefabs/Structure/Floors_Ceilings/Hale_Floor_01_Side_snaps002.prefab
  artifactKey: Guid(d9b3137296eb11547a955d82c9ffcc3b) Importer(815301076,1909f56bfc062723c751e8b465ee728b)
Start importing Assets/AssetStoreOriginals/_SNAPS_PrototypingAssets/SciFi_Industrial/Prefabs/Structure/Floors_Ceilings/Hale_Floor_01_Side_snaps002.prefab using Guid(d9b3137296eb11547a955d82c9ffcc3b) Importer(815301076,1909f56bfc062723c751e8b465ee728b)  -> (artifact id: '09aa53c0f511af5f53008dfbd2ac5d26') in 0.011418 seconds
  Import took 0.014208 seconds .

========================================================================
Received Import Request.
  Time since last request: 0.000184 seconds.
  path: Assets/AssetStoreOriginals/_SNAPS_PrototypingAssets/SciFi_Industrial/Prefabs/Structure/Floors_Ceilings/Deck_Floor_02_snaps002.prefab
  artifactKey: Guid(9592a7dea975ad14ea86cfd49b776629) Importer(815301076,1909f56bfc062723c751e8b465ee728b)
Start importing Assets/AssetStoreOriginals/_SNAPS_PrototypingAssets/SciFi_Industrial/Prefabs/Structure/Floors_Ceilings/Deck_Floor_02_snaps002.prefab using Guid(9592a7dea975ad14ea86cfd49b776629) Importer(815301076,1909f56bfc062723c751e8b465ee728b)  -> (artifact id: '44eac784434cc4d63bca7375cdaad71f') in 0.009209 seconds
  Import took 0.012030 seconds .

========================================================================
Received Import Request.
  Time since last request: 0.000168 seconds.
  path: Assets/AssetStoreOriginals/_SNAPS_PrototypingAssets/SciFi_Industrial/Prefabs/Structure/Floors_Ceilings/Gen_Floor_04_snaps002.prefab
  artifactKey: Guid(42e949fded9304745a989ca004f5bf58) Importer(815301076,1909f56bfc062723c751e8b465ee728b)
Start importing Assets/AssetStoreOriginals/_SNAPS_PrototypingAssets/SciFi_Industrial/Prefabs/Structure/Floors_Ceilings/Gen_Floor_04_snaps002.prefab using Guid(42e949fded9304745a989ca004f5bf58) Importer(815301076,1909f56bfc062723c751e8b465ee728b)  -> (artifact id: '262d7c0d3dcd725e3ac064db04944f52') in 0.010212 seconds
  Import took 0.013048 seconds .

========================================================================
Received Import Request.
  Time since last request: 0.000193 seconds.
  path: Assets/AssetStoreOriginals/_SNAPS_PrototypingAssets/SciFi_Industrial/Prefabs/Structure/Floors_Ceilings/Deck_FloorCeiling_02_snaps002.prefab
  artifactKey: Guid(f0a79492ccfa33543807bc41d1ffe7fa) Importer(815301076,1909f56bfc062723c751e8b465ee728b)
Start importing Assets/AssetStoreOriginals/_SNAPS_PrototypingAssets/SciFi_Industrial/Prefabs/Structure/Floors_Ceilings/Deck_FloorCeiling_02_snaps002.prefab using Guid(f0a79492ccfa33543807bc41d1ffe7fa) Importer(815301076,1909f56bfc062723c751e8b465ee728b)  -> (artifact id: '347b0387430e0f83344b4d4244f6cf74') in 0.011070 seconds
  Import took 0.014111 seconds .

========================================================================
Received Import Request.
  Time since last request: 0.000199 seconds.
  path: Assets/AssetStoreOriginals/_SNAPS_PrototypingAssets/SciFi_Industrial/Prefabs/Structure/Floors_Ceilings/Quart_Ceiling_03_snaps002.prefab
  artifactKey: Guid(f6dc5f41ba87d3f40afdd5b7e878e2f6) Importer(815301076,1909f56bfc062723c751e8b465ee728b)
Start importing Assets/AssetStoreOriginals/_SNAPS_PrototypingAssets/SciFi_Industrial/Prefabs/Structure/Floors_Ceilings/Quart_Ceiling_03_snaps002.prefab using Guid(f6dc5f41ba87d3f40afdd5b7e878e2f6) Importer(815301076,1909f56bfc062723c751e8b465ee728b)  -> (artifact id: '6b96fa817c99e9972d7b691167dfc9dc') in 0.013352 seconds
  Import took 0.016465 seconds .

========================================================================
Received Import Request.
  Time since last request: 1217.551278 seconds.
  path: Assets
  artifactKey: Guid(00000000000000001000000000000000) Importer(815301076,1909f56bfc062723c751e8b465ee728b)
Start importing Assets using Guid(00000000000000001000000000000000) Importer(815301076,1909f56bfc062723c751e8b465ee728b)  -> (artifact id: '77a851e104db600022940e564f7da357') in 0.004372 seconds
  Import took 0.008347 seconds .

========================================================================
Received Import Request.
  Time since last request: 8.960003 seconds.
  path: Assets/Settings
  artifactKey: Guid(22a727f4d3604354caac41ce11ff285e) Importer(815301076,1909f56bfc062723c751e8b465ee728b)
Start importing Assets/Settings using Guid(22a727f4d3604354caac41ce11ff285e) Importer(815301076,1909f56bfc062723c751e8b465ee728b)  -> (artifact id: '984c02bc3d870439f36c26551ed03ba7') in 0.003676 seconds
  Import took 0.006688 seconds .

========================================================================
Received Import Request.
  Time since last request: 364.374430 seconds.
  path: Assets/AssetStoreOriginals/_SNAPS_PrototypingAssets/SciFi_Industrial/Prefabs/Structure/Walls
  artifactKey: Guid(88dce685e0b977845b74a8d6b8a21f41) Importer(815301076,1909f56bfc062723c751e8b465ee728b)
Start importing Assets/AssetStoreOriginals/_SNAPS_PrototypingAssets/SciFi_Industrial/Prefabs/Structure/Walls using Guid(88dce685e0b977845b74a8d6b8a21f41) Importer(815301076,1909f56bfc062723c751e8b465ee728b)  -> (artifact id: 'd3a9d6e287ab60a1baf93f0f73a2bf5b') in 0.004341 seconds
  Import took 0.008475 seconds .

========================================================================
Received Import Request.
  Time since last request: 0.070051 seconds.
  path: Assets/AssetStoreOriginals/_SNAPS_PrototypingAssets/SciFi_Industrial/Prefabs/Structure/Walls/Deck_Wall_Corner_Short_snaps002.prefab
  artifactKey: Guid(3628080bf973ae74a9419fe570653a31) Importer(815301076,1909f56bfc062723c751e8b465ee728b)
Start importing Assets/AssetStoreOriginals/_SNAPS_PrototypingAssets/SciFi_Industrial/Prefabs/Structure/Walls/Deck_Wall_Corner_Short_snaps002.prefab using Guid(3628080bf973ae74a9419fe570653a31) Importer(815301076,1909f56bfc062723c751e8b465ee728b)  -> (artifact id: '0f74d6948609e01e6c392ce4b461b887') in 0.016576 seconds
  Import took 0.019816 seconds .

========================================================================
Received Import Request.
  Time since last request: 0.000295 seconds.
  path: Assets/AssetStoreOriginals/_SNAPS_PrototypingAssets/SciFi_Industrial/Prefabs/Structure/Walls/Deck_Wall_Top_snaps002.prefab
  artifactKey: Guid(3c346d225f66d0b4b907e41c5b028e94) Importer(815301076,1909f56bfc062723c751e8b465ee728b)
Start importing Assets/AssetStoreOriginals/_SNAPS_PrototypingAssets/SciFi_Industrial/Prefabs/Structure/Walls/Deck_Wall_Top_snaps002.prefab using Guid(3c346d225f66d0b4b907e41c5b028e94) Importer(815301076,1909f56bfc062723c751e8b465ee728b)  -> (artifact id: 'c0e5fe5a767d017ab2f9d58ad1cfdfbc') in 0.013089 seconds
  Import took 0.016778 seconds .

========================================================================
Received Import Request.
  Time since last request: 0.000358 seconds.
  path: Assets/AssetStoreOriginals/_SNAPS_PrototypingAssets/SciFi_Industrial/Prefabs/Structure/Walls/Hale_Wall_02_Corner_snaps002.prefab
  artifactKey: Guid(4f6977220c151404d9b6645f08a4a362) Importer(815301076,1909f56bfc062723c751e8b465ee728b)
Start importing Assets/AssetStoreOriginals/_SNAPS_PrototypingAssets/SciFi_Industrial/Prefabs/Structure/Walls/Hale_Wall_02_Corner_snaps002.prefab using Guid(4f6977220c151404d9b6645f08a4a362) Importer(815301076,1909f56bfc062723c751e8b465ee728b)  -> (artifact id: '038890206183a4a515d133a405dfcc55') in 0.016003 seconds
  Import took 0.020796 seconds .

========================================================================
Received Import Request.
  Time since last request: 0.000305 seconds.
  path: Assets/AssetStoreOriginals/_SNAPS_PrototypingAssets/SciFi_Industrial/Prefabs/Structure/Walls/Hale_Wall_01_snaps002.prefab
  artifactKey: Guid(19275419fedd9184180a5665b0bacd4e) Importer(815301076,1909f56bfc062723c751e8b465ee728b)
Start importing Assets/AssetStoreOriginals/_SNAPS_PrototypingAssets/SciFi_Industrial/Prefabs/Structure/Walls/Hale_Wall_01_snaps002.prefab using Guid(19275419fedd9184180a5665b0bacd4e) Importer(815301076,1909f56bfc062723c751e8b465ee728b)  -> (artifact id: 'f7e603813220822fdbb9780f76fa847e') in 0.011953 seconds
  Import took 0.015929 seconds .

========================================================================
Received Import Request.
  Time since last request: 0.000291 seconds.
  path: Assets/AssetStoreOriginals/_SNAPS_PrototypingAssets/SciFi_Industrial/Prefabs/Structure/Walls/Deck_Wall_Short_snaps002.prefab
  artifactKey: Guid(f7f356e910e29b44f94ab8c2e2bb4ce9) Importer(815301076,1909f56bfc062723c751e8b465ee728b)
Start importing Assets/AssetStoreOriginals/_SNAPS_PrototypingAssets/SciFi_Industrial/Prefabs/Structure/Walls/Deck_Wall_Short_snaps002.prefab using Guid(f7f356e910e29b44f94ab8c2e2bb4ce9) Importer(815301076,1909f56bfc062723c751e8b465ee728b)  -> (artifact id: '33acb861e84dd7e6b0659a524e259ca7') in 0.013896 seconds
  Import took 0.018833 seconds .

========================================================================
Received Import Request.
  Time since last request: 0.000372 seconds.
  path: Assets/AssetStoreOriginals/_SNAPS_PrototypingAssets/SciFi_Industrial/Prefabs/Structure/Walls/Deck_WallWindowFrame_02_snaps002.prefab
  artifactKey: Guid(ccb41a28547b4a74d8c0ec4556b9ecdf) Importer(815301076,1909f56bfc062723c751e8b465ee728b)
Start importing Assets/AssetStoreOriginals/_SNAPS_PrototypingAssets/SciFi_Industrial/Prefabs/Structure/Walls/Deck_WallWindowFrame_02_snaps002.prefab using Guid(ccb41a28547b4a74d8c0ec4556b9ecdf) Importer(815301076,1909f56bfc062723c751e8b465ee728b)  -> (artifact id: '02dd800c603d0747d31b688db153ba60') in 0.014171 seconds
  Import took 0.018785 seconds .

========================================================================
Received Import Request.
  Time since last request: 0.000291 seconds.
  path: Assets/AssetStoreOriginals/_SNAPS_PrototypingAssets/SciFi_Industrial/Prefabs/Structure/Walls/Gale_Wall_02_snaps002.prefab
  artifactKey: Guid(bc35cc0e65e4bd74fa45e86391540bce) Importer(815301076,1909f56bfc062723c751e8b465ee728b)
Start importing Assets/AssetStoreOriginals/_SNAPS_PrototypingAssets/SciFi_Industrial/Prefabs/Structure/Walls/Gale_Wall_02_snaps002.prefab using Guid(bc35cc0e65e4bd74fa45e86391540bce) Importer(815301076,1909f56bfc062723c751e8b465ee728b)  -> (artifact id: '9836dd2c7b75892ddc237bab4ae6a3ec') in 0.016248 seconds
  Import took 0.019664 seconds .

========================================================================
Received Import Request.
  Time since last request: 0.000373 seconds.
  path: Assets/AssetStoreOriginals/_SNAPS_PrototypingAssets/SciFi_Industrial/Prefabs/Structure/Walls/Gale_Wall_01_Corner_snaps002.prefab
  artifactKey: Guid(43664d96612e4ec489761a6609ac27a8) Importer(815301076,1909f56bfc062723c751e8b465ee728b)
Start importing Assets/AssetStoreOriginals/_SNAPS_PrototypingAssets/SciFi_Industrial/Prefabs/Structure/Walls/Gale_Wall_01_Corner_snaps002.prefab using Guid(43664d96612e4ec489761a6609ac27a8) Importer(815301076,1909f56bfc062723c751e8b465ee728b)  -> (artifact id: '9ccb4a90854dc7d4a8a5034f90705f93') in 0.013516 seconds
  Import took 0.017416 seconds .

========================================================================
Received Import Request.
  Time since last request: 0.000271 seconds.
  path: Assets/AssetStoreOriginals/_SNAPS_PrototypingAssets/SciFi_Industrial/Prefabs/Structure/Walls/Deck_Wall_Corner_snaps002.prefab
  artifactKey: Guid(4e93dfa2dc2429043bf8dcaef3f85256) Importer(815301076,1909f56bfc062723c751e8b465ee728b)
Start importing Assets/AssetStoreOriginals/_SNAPS_PrototypingAssets/SciFi_Industrial/Prefabs/Structure/Walls/Deck_Wall_Corner_snaps002.prefab using Guid(4e93dfa2dc2429043bf8dcaef3f85256) Importer(815301076,1909f56bfc062723c751e8b465ee728b)  -> (artifact id: '509e65c0e799e296bf51be415c882f14') in 0.011955 seconds
  Import took 0.015489 seconds .

========================================================================
Received Import Request.
  Time since last request: 0.000245 seconds.
  path: Assets/AssetStoreOriginals/_SNAPS_PrototypingAssets/SciFi_Industrial/Prefabs/Structure/Walls/Gen_Wall_snaps002.prefab
  artifactKey: Guid(37e77a47218919148afc5a8cd332b7c0) Importer(815301076,1909f56bfc062723c751e8b465ee728b)
Start importing Assets/AssetStoreOriginals/_SNAPS_PrototypingAssets/SciFi_Industrial/Prefabs/Structure/Walls/Gen_Wall_snaps002.prefab using Guid(37e77a47218919148afc5a8cd332b7c0) Importer(815301076,1909f56bfc062723c751e8b465ee728b)  -> (artifact id: 'd88495fa81e47608bbc4a79b75040549') in 0.014561 seconds
  Import took 0.018400 seconds .

========================================================================
Received Import Request.
  Time since last request: 0.000265 seconds.
  path: Assets/AssetStoreOriginals/_SNAPS_PrototypingAssets/SciFi_Industrial/Prefabs/Structure/Walls/Hale_Wall_01_Corner_snaps002.prefab
  artifactKey: Guid(74fe408f24610144390b3352ca1f7efe) Importer(815301076,1909f56bfc062723c751e8b465ee728b)
Start importing Assets/AssetStoreOriginals/_SNAPS_PrototypingAssets/SciFi_Industrial/Prefabs/Structure/Walls/Hale_Wall_01_Corner_snaps002.prefab using Guid(74fe408f24610144390b3352ca1f7efe) Importer(815301076,1909f56bfc062723c751e8b465ee728b)  -> (artifact id: '2c14aff69cb30e97f5cad60368dc830e') in 0.014431 seconds
  Import took 0.018029 seconds .

========================================================================
Received Import Request.
  Time since last request: 0.000298 seconds.
  path: Assets/AssetStoreOriginals/_SNAPS_PrototypingAssets/SciFi_Industrial/Prefabs/Structure/Walls/Quart_Wall_Joint_02_snaps002.prefab
  artifactKey: Guid(c7553ba9a72f5b04a8bdae05c240ae27) Importer(815301076,1909f56bfc062723c751e8b465ee728b)
Start importing Assets/AssetStoreOriginals/_SNAPS_PrototypingAssets/SciFi_Industrial/Prefabs/Structure/Walls/Quart_Wall_Joint_02_snaps002.prefab using Guid(c7553ba9a72f5b04a8bdae05c240ae27) Importer(815301076,1909f56bfc062723c751e8b465ee728b)  -> (artifact id: 'e8798b3e188696095abfbae4d02623ab') in 0.012906 seconds
  Import took 0.017201 seconds .

========================================================================
Received Import Request.
  Time since last request: 0.000288 seconds.
  path: Assets/AssetStoreOriginals/_SNAPS_PrototypingAssets/SciFi_Industrial/Prefabs/Structure/Walls/Deck_WallWindow_01_snaps002.prefab
  artifactKey: Guid(053a7880ac43136418152778d2e1daa6) Importer(815301076,1909f56bfc062723c751e8b465ee728b)
Start importing Assets/AssetStoreOriginals/_SNAPS_PrototypingAssets/SciFi_Industrial/Prefabs/Structure/Walls/Deck_WallWindow_01_snaps002.prefab using Guid(053a7880ac43136418152778d2e1daa6) Importer(815301076,1909f56bfc062723c751e8b465ee728b)  -> (artifact id: 'aa586990148ca85bae3f915fe573ab32') in 0.013204 seconds
  Import took 0.017300 seconds .

========================================================================
Received Import Request.
  Time since last request: 0.000651 seconds.
  path: Assets/AssetStoreOriginals/_SNAPS_PrototypingAssets/SciFi_Industrial/Prefabs/Structure/Walls/Deck_Wall_Joint_01_snaps002.prefab
  artifactKey: Guid(0004508657bc3714e89e392e80571398) Importer(815301076,1909f56bfc062723c751e8b465ee728b)
Start importing Assets/AssetStoreOriginals/_SNAPS_PrototypingAssets/SciFi_Industrial/Prefabs/Structure/Walls/Deck_Wall_Joint_01_snaps002.prefab using Guid(0004508657bc3714e89e392e80571398) Importer(815301076,1909f56bfc062723c751e8b465ee728b)  -> (artifact id: '0036e68a56263c3f7a3e9b2a40fc6e32') in 0.016035 seconds
  Import took 0.020008 seconds .

========================================================================
Received Import Request.
  Time since last request: 0.000288 seconds.
  path: Assets/AssetStoreOriginals/_SNAPS_PrototypingAssets/SciFi_Industrial/Prefabs/Structure/Walls/Deck_WallDoorFrame_02_snaps002.prefab
  artifactKey: Guid(fc8293156eb278246bce7d3aa1acdff4) Importer(815301076,1909f56bfc062723c751e8b465ee728b)
Start importing Assets/AssetStoreOriginals/_SNAPS_PrototypingAssets/SciFi_Industrial/Prefabs/Structure/Walls/Deck_WallDoorFrame_02_snaps002.prefab using Guid(fc8293156eb278246bce7d3aa1acdff4) Importer(815301076,1909f56bfc062723c751e8b465ee728b)  -> (artifact id: '2e0c5a156acc6da6bad2689c7095ecb0') in 0.011950 seconds
  Import took 0.015198 seconds .

========================================================================
Received Import Request.
  Time since last request: 0.000244 seconds.
  path: Assets/AssetStoreOriginals/_SNAPS_PrototypingAssets/SciFi_Industrial/Prefabs/Structure/Walls/Gale_Wall_01_snaps002.prefab
  artifactKey: Guid(d64f573e69fdda34fa09e2633bd328ef) Importer(815301076,1909f56bfc062723c751e8b465ee728b)
Start importing Assets/AssetStoreOriginals/_SNAPS_PrototypingAssets/SciFi_Industrial/Prefabs/Structure/Walls/Gale_Wall_01_snaps002.prefab using Guid(d64f573e69fdda34fa09e2633bd328ef) Importer(815301076,1909f56bfc062723c751e8b465ee728b)  -> (artifact id: '535d3aac9a2dfd2c2edcbeb3b51fc8dd') in 0.012362 seconds
  Import took 0.015816 seconds .

========================================================================
Received Import Request.
  Time since last request: 0.000261 seconds.
  path: Assets/AssetStoreOriginals/_SNAPS_PrototypingAssets/SciFi_Industrial/Prefabs/Structure/Walls/Deck_Wall_snaps002.prefab
  artifactKey: Guid(00debf980412c49418327c56a1a60db0) Importer(815301076,1909f56bfc062723c751e8b465ee728b)
Start importing Assets/AssetStoreOriginals/_SNAPS_PrototypingAssets/SciFi_Industrial/Prefabs/Structure/Walls/Deck_Wall_snaps002.prefab using Guid(00debf980412c49418327c56a1a60db0) Importer(815301076,1909f56bfc062723c751e8b465ee728b)  -> (artifact id: '273ca1f4e3a130e797b4907f5eb98ef4') in 0.011222 seconds
  Import took 0.015135 seconds .

========================================================================
Received Import Request.
  Time since last request: 0.000205 seconds.
  path: Assets/AssetStoreOriginals/_SNAPS_PrototypingAssets/SciFi_Industrial/Prefabs/Structure/Walls/Quart_Wall_Corner_snaps002.prefab
  artifactKey: Guid(0c6b248aba0b073409356fa124dbe7a1) Importer(815301076,1909f56bfc062723c751e8b465ee728b)
Start importing Assets/AssetStoreOriginals/_SNAPS_PrototypingAssets/SciFi_Industrial/Prefabs/Structure/Walls/Quart_Wall_Corner_snaps002.prefab using Guid(0c6b248aba0b073409356fa124dbe7a1) Importer(815301076,1909f56bfc062723c751e8b465ee728b)  -> (artifact id: 'bf6f81ab0dec13a1548992dcbcfcdd37') in 0.010942 seconds
  Import took 0.014844 seconds .

========================================================================
Received Import Request.
  Time since last request: 0.000262 seconds.
  path: Assets/AssetStoreOriginals/_SNAPS_PrototypingAssets/SciFi_Industrial/Prefabs/Structure/Walls/Gen_Wall_Corner_snaps002.prefab
  artifactKey: Guid(ab47af6ccd1970547885092ed420cbe2) Importer(815301076,1909f56bfc062723c751e8b465ee728b)
Start importing Assets/AssetStoreOriginals/_SNAPS_PrototypingAssets/SciFi_Industrial/Prefabs/Structure/Walls/Gen_Wall_Corner_snaps002.prefab using Guid(ab47af6ccd1970547885092ed420cbe2) Importer(815301076,1909f56bfc062723c751e8b465ee728b)  -> (artifact id: 'ac189a03544a975efb28bbb69215f8b9') in 0.014386 seconds
  Import took 0.017725 seconds .

========================================================================
Received Import Request.
  Time since last request: 0.000221 seconds.
  path: Assets/AssetStoreOriginals/_SNAPS_PrototypingAssets/SciFi_Industrial/Prefabs/Structure/Walls/Deck_WallWindowFrame_01_snaps002.prefab
  artifactKey: Guid(f34eff83f0d13d041a2429cea847b3ff) Importer(815301076,1909f56bfc062723c751e8b465ee728b)
Start importing Assets/AssetStoreOriginals/_SNAPS_PrototypingAssets/SciFi_Industrial/Prefabs/Structure/Walls/Deck_WallWindowFrame_01_snaps002.prefab using Guid(f34eff83f0d13d041a2429cea847b3ff) Importer(815301076,1909f56bfc062723c751e8b465ee728b)  -> (artifact id: 'c325bb6716b3adca23eade08485fca88') in 0.011158 seconds
  Import took 0.016226 seconds .

========================================================================
Received Import Request.
  Time since last request: 0.000208 seconds.
  path: Assets/AssetStoreOriginals/_SNAPS_PrototypingAssets/SciFi_Industrial/Prefabs/Structure/Walls/Gen_Wall_Joint_snaps002.prefab
  artifactKey: Guid(438b167130b479e40888994050b815e5) Importer(815301076,1909f56bfc062723c751e8b465ee728b)
Start importing Assets/AssetStoreOriginals/_SNAPS_PrototypingAssets/SciFi_Industrial/Prefabs/Structure/Walls/Gen_Wall_Joint_snaps002.prefab using Guid(438b167130b479e40888994050b815e5) Importer(815301076,1909f56bfc062723c751e8b465ee728b)  -> (artifact id: '85e4b1ce45a2aafdd81e01d272227106') in 0.016521 seconds
  Import took 0.020881 seconds .

========================================================================
Received Import Request.
  Time since last request: 0.000187 seconds.
  path: Assets/AssetStoreOriginals/_SNAPS_PrototypingAssets/SciFi_Industrial/Prefabs/Structure/Walls/Gen_Wall_DoorFrame_01_snaps002.prefab
  artifactKey: Guid(ca3a59584c01c6f4ca55f2f9a7395687) Importer(815301076,1909f56bfc062723c751e8b465ee728b)
Start importing Assets/AssetStoreOriginals/_SNAPS_PrototypingAssets/SciFi_Industrial/Prefabs/Structure/Walls/Gen_Wall_DoorFrame_01_snaps002.prefab using Guid(ca3a59584c01c6f4ca55f2f9a7395687) Importer(815301076,1909f56bfc062723c751e8b465ee728b)  -> (artifact id: '9e11d3f2a0b7771ef4f7ae56d629d1b0') in 0.015348 seconds
  Import took 0.018569 seconds .

========================================================================
Received Import Request.
  Time since last request: 0.000355 seconds.
  path: Assets/AssetStoreOriginals/_SNAPS_PrototypingAssets/SciFi_Industrial/Prefabs/Structure/Walls/Quart_Wall_snaps002.prefab
  artifactKey: Guid(2b49cf6b0e2134c4a81f3474c005ca8a) Importer(815301076,1909f56bfc062723c751e8b465ee728b)
Start importing Assets/AssetStoreOriginals/_SNAPS_PrototypingAssets/SciFi_Industrial/Prefabs/Structure/Walls/Quart_Wall_snaps002.prefab using Guid(2b49cf6b0e2134c4a81f3474c005ca8a) Importer(815301076,1909f56bfc062723c751e8b465ee728b)  -> (artifact id: '37e09e5c342a8098d18c5b73d7dec799') in 0.011626 seconds
  Import took 0.015516 seconds .

========================================================================
Received Import Request.
  Time since last request: 0.000260 seconds.
  path: Assets/AssetStoreOriginals/_SNAPS_PrototypingAssets/SciFi_Industrial/Prefabs/Structure/Walls/Deck_WallWindow_02_snaps002.prefab
  artifactKey: Guid(2e0883a680249d34b9e7fc1c0b9c8574) Importer(815301076,1909f56bfc062723c751e8b465ee728b)
Start importing Assets/AssetStoreOriginals/_SNAPS_PrototypingAssets/SciFi_Industrial/Prefabs/Structure/Walls/Deck_WallWindow_02_snaps002.prefab using Guid(2e0883a680249d34b9e7fc1c0b9c8574) Importer(815301076,1909f56bfc062723c751e8b465ee728b)  -> (artifact id: '8d01806d5a486cf0388c713d6d759c5f') in 0.017672 seconds
  Import took 0.021669 seconds .

========================================================================
Received Import Request.
  Time since last request: 0.000225 seconds.
  path: Assets/AssetStoreOriginals/_SNAPS_PrototypingAssets/SciFi_Industrial/Prefabs/Structure/Walls/Hale_Wall_02_snaps002.prefab
  artifactKey: Guid(6acf036e14cf86b4dbc2f4bbc89f7bf0) Importer(815301076,1909f56bfc062723c751e8b465ee728b)
Start importing Assets/AssetStoreOriginals/_SNAPS_PrototypingAssets/SciFi_Industrial/Prefabs/Structure/Walls/Hale_Wall_02_snaps002.prefab using Guid(6acf036e14cf86b4dbc2f4bbc89f7bf0) Importer(815301076,1909f56bfc062723c751e8b465ee728b)  -> (artifact id: '9dfdc6f0245767e86ebd37f9d588a01a') in 0.012818 seconds
  Import took 0.017145 seconds .

========================================================================
Received Import Request.
  Time since last request: 0.000206 seconds.
  path: Assets/AssetStoreOriginals/_SNAPS_PrototypingAssets/SciFi_Industrial/Prefabs/Structure/Walls/Quart_WallDoorFrame_01_snaps002.prefab
  artifactKey: Guid(094421f9be446df49b40d4ecedf1d4c2) Importer(815301076,1909f56bfc062723c751e8b465ee728b)
Start importing Assets/AssetStoreOriginals/_SNAPS_PrototypingAssets/SciFi_Industrial/Prefabs/Structure/Walls/Quart_WallDoorFrame_01_snaps002.prefab using Guid(094421f9be446df49b40d4ecedf1d4c2) Importer(815301076,1909f56bfc062723c751e8b465ee728b)  -> (artifact id: '7b6188e10d46d3f3026822bae131b9de') in 0.011622 seconds
  Import took 0.015856 seconds .

========================================================================
Received Import Request.
  Time since last request: 0.000312 seconds.
  path: Assets/AssetStoreOriginals/_SNAPS_PrototypingAssets/SciFi_Industrial/Prefabs/Structure/Walls/Quart_Wall_Joint_01_snaps002.prefab
  artifactKey: Guid(8b49d720e7fae624a823f674ab67472b) Importer(815301076,1909f56bfc062723c751e8b465ee728b)
Start importing Assets/AssetStoreOriginals/_SNAPS_PrototypingAssets/SciFi_Industrial/Prefabs/Structure/Walls/Quart_Wall_Joint_01_snaps002.prefab using Guid(8b49d720e7fae624a823f674ab67472b) Importer(815301076,1909f56bfc062723c751e8b465ee728b)  -> (artifact id: '73f32f8b5560e12238c0d635cb96176f') in 0.012432 seconds
  Import took 0.016550 seconds .

========================================================================
Received Import Request.
  Time since last request: 0.000228 seconds.
  path: Assets/AssetStoreOriginals/_SNAPS_PrototypingAssets/SciFi_Industrial/Prefabs/Structure/Walls/Deck_WallDoorFrame_01_snaps002.prefab
  artifactKey: Guid(44982ca7d3e94644abea2924dfb538b5) Importer(815301076,1909f56bfc062723c751e8b465ee728b)
Start importing Assets/AssetStoreOriginals/_SNAPS_PrototypingAssets/SciFi_Industrial/Prefabs/Structure/Walls/Deck_WallDoorFrame_01_snaps002.prefab using Guid(44982ca7d3e94644abea2924dfb538b5) Importer(815301076,1909f56bfc062723c751e8b465ee728b)  -> (artifact id: '488976ab2c410da79bf0d6a93f67f4f7') in 0.011581 seconds
  Import took 0.015753 seconds .

========================================================================
Received Import Request.
  Time since last request: 0.004606 seconds.
  path: Assets/AssetStoreOriginals/_SNAPS_PrototypingAssets/SciFi_Industrial/Prefabs/Structure/Walls/Quart_Wall_Joint_01_snaps002.prefab
  artifactKey: Guid(8b49d720e7fae624a823f674ab67472b) Importer(815301076,1909f56bfc062723c751e8b465ee728b)
Start importing Assets/AssetStoreOriginals/_SNAPS_PrototypingAssets/SciFi_Industrial/Prefabs/Structure/Walls/Quart_Wall_Joint_01_snaps002.prefab using Guid(8b49d720e7fae624a823f674ab67472b) Importer(815301076,1909f56bfc062723c751e8b465ee728b)  -> (artifact id: '73f32f8b5560e12238c0d635cb96176f') in 0.011763 seconds
  Import took 0.016233 seconds .

AssetImportWorkerClient::OnTransportError - code=2 error=End of file
