Using pre-set license
Built from '2020.2/china_unity/release' branch; Version is '2020.2.1f1c1 (252d8215dd99) revision 2436482'; Using compiler version '192528614'; Build Type 'Release'
OS: 'Windows 10  (10.0.0) 64bit' Language: 'zh' Physical Memory: 16303 MB
BatchMode: 1, IsHumanControllingUs: 0, StartBugReporterOnCrash: 0, Is64bit: 1, IsPro: 0

 COMMAND LINE ARGUMENTS:
F:\unity\2020.2.1f1c1\Editor\Unity.exe
-adb2
-batchMode
-noUpm
-name
AssetImportWorker0
-projectPath
E:/Unity_Projects/UnityLearn_FPSGame/FPSGame
-logFile
Logs/AssetImportWorker0.log
-srvPort
52451
Successfully changed project path to: E:/Unity_Projects/UnityLearn_FPSGame/FPSGame
E:/Unity_Projects/UnityLearn_FPSGame/FPSGame
Using Asset Import Pipeline V2.
Refreshing native plugins compatible for Editor in 37.23 ms, found 0 plugins.
Preloading 0 native plugins for Editor in 0.00 ms.
Initialize engine version: 2020.2.1f1c1 (252d8215dd99)
[Subsystems] Discovering subsystems at path F:/unity/2020.2.1f1c1/Editor/Data/Resources/UnitySubsystems
[Subsystems] Discovering subsystems at path E:/Unity_Projects/UnityLearn_FPSGame/FPSGame/Assets
GfxDevice: creating device client; threaded=0
Direct3D:
    Version:  Direct3D 11.0 [level 11.1]
    Renderer: NVIDIA GeForce GTX 1050 Ti (ID=0x1c8c)
    Vendor:   
    VRAM:     4018 MB
    Driver:   27.21.14.6627
Initialize mono
Mono path[0] = 'F:/unity/2020.2.1f1c1/Editor/Data/Managed'
Mono path[1] = 'F:/unity/2020.2.1f1c1/Editor/Data/MonoBleedingEdge/lib/mono/unityjit'
Mono config path = 'F:/unity/2020.2.1f1c1/Editor/Data/MonoBleedingEdge/etc'
Using monoOptions --debugger-agent=transport=dt_socket,embedding=1,server=y,suspend=n,address=127.0.0.1:56128
Begin MonoManager ReloadAssembly
Registering precompiled unity dll's ...
Register platform support module: F:/unity/2020.2.1f1c1/Editor/Data/PlaybackEngines/WindowsStandaloneSupport/UnityEditor.WindowsStandalone.Extensions.dll
Registered in 0.001939 seconds.
Native extension for WindowsStandalone target not found
Refreshing native plugins compatible for Editor in 47.17 ms, found 0 plugins.
Preloading 0 native plugins for Editor in 0.00 ms.
Invoked RoslynAnalysisRunner static constructor.
RoslynAnalysisRunner will not be running.
RoslynAnalysisRunner has terminated.
Mono: successfully reloaded assembly
- Completed reload, in  1.713 seconds
Platform modules already initialized, skipping
Registering precompiled user dll's ...
Registered in 0.000915 seconds.
Begin MonoManager ReloadAssembly
Native extension for WindowsStandalone target not found
Refreshing native plugins compatible for Editor in 0.31 ms, found 0 plugins.
Preloading 0 native plugins for Editor in 0.00 ms.
Invoked RoslynAnalysisRunner static constructor.
RoslynAnalysisRunner will not be running.
RoslynAnalysisRunner has terminated.
Mono: successfully reloaded assembly
- Completed reload, in  1.001 seconds
Platform modules already initialized, skipping
========================================================================
Worker process is ready to serve import requests
Launched and connected shader compiler UnityShaderCompiler.exe after 0.06 seconds
Refreshing native plugins compatible for Editor in 0.53 ms, found 0 plugins.
Preloading 0 native plugins for Editor in 0.00 ms.
Unloading 1521 Unused Serialized files (Serialized files now loaded: 0)
System memory in use before: 76.5 MB.
System memory in use after: 76.6 MB.

Unloading 69 unused Assets to reduce memory usage. Loaded Objects now: 1958.
Total: 2.670200 ms (FindLiveObjects: 0.162100 ms CreateObjectMapping: 0.055400 ms MarkObjects: 2.258300 ms  DeleteObjects: 0.193400 ms)

========================================================================
Received Import Request.
  path: Assets/Scenes
  artifactKey: Guid(c9c5f8d5ad14fec40ac14b51bce8f193) Importer(815301076,1909f56bfc062723c751e8b465ee728b)
Start importing Assets/Scenes using Guid(c9c5f8d5ad14fec40ac14b51bce8f193) Importer(815301076,1909f56bfc062723c751e8b465ee728b)  -> (artifact id: '738a73d38a709067e157117c520b0e96') in 0.004598 seconds
  Import took 0.007147 seconds .

========================================================================
Received Import Request.
  Time since last request: 0.000247 seconds.
  path: Assets/AssetStoreOriginals
  artifactKey: Guid(8bb365b476b120440ab96b00dbec8315) Importer(815301076,1909f56bfc062723c751e8b465ee728b)
Start importing Assets/AssetStoreOriginals using Guid(8bb365b476b120440ab96b00dbec8315) Importer(815301076,1909f56bfc062723c751e8b465ee728b)  -> (artifact id: 'ba8b821cf65d06f8ec9bf54e2a35bbd6') in 0.002661 seconds
  Import took 0.005290 seconds .

========================================================================
Received Import Request.
  Time since last request: 2.832758 seconds.
  path: Assets/AssetStoreOriginals/_SNAPS_PrototypingAssets
  artifactKey: Guid(3ed28051c80a1394bbf05fabb2b1b02d) Importer(815301076,1909f56bfc062723c751e8b465ee728b)
Start importing Assets/AssetStoreOriginals/_SNAPS_PrototypingAssets using Guid(3ed28051c80a1394bbf05fabb2b1b02d) Importer(815301076,1909f56bfc062723c751e8b465ee728b)  -> (artifact id: 'f7773d60ef6e01921a7eda3c600a6c75') in 0.003350 seconds
  Import took 0.006587 seconds .

========================================================================
Received Import Request.
  Time since last request: 1.673659 seconds.
  path: Assets/AssetStoreOriginals/_SNAPS_PrototypingAssets/SciFi_Industrial
  artifactKey: Guid(d206abfdd01eab744bc3ba138e3bd0a2) Importer(815301076,1909f56bfc062723c751e8b465ee728b)
Start importing Assets/AssetStoreOriginals/_SNAPS_PrototypingAssets/SciFi_Industrial using Guid(d206abfdd01eab744bc3ba138e3bd0a2) Importer(815301076,1909f56bfc062723c751e8b465ee728b)  -> (artifact id: '3b9006d7182a0226f895e95102824303') in 0.022172 seconds
  Import took 0.026160 seconds .

========================================================================
Received Import Request.
  Time since last request: 1.235850 seconds.
  path: Assets/AssetStoreOriginals/_SNAPS_PrototypingAssets/SciFi_Industrial/Prefabs
  artifactKey: Guid(ff14c7071bdff4a41b8fee35ea7b165e) Importer(815301076,1909f56bfc062723c751e8b465ee728b)
Start importing Assets/AssetStoreOriginals/_SNAPS_PrototypingAssets/SciFi_Industrial/Prefabs using Guid(ff14c7071bdff4a41b8fee35ea7b165e) Importer(815301076,1909f56bfc062723c751e8b465ee728b)  -> (artifact id: '53d079a0253079f2949d19b0b30eca5c') in 0.003776 seconds
  Import took 0.007070 seconds .

========================================================================
Received Import Request.
  Time since last request: 4.159955 seconds.
  path: Assets/AssetStoreOriginals/_SNAPS_PrototypingAssets/SciFi_Industrial/Prefabs/Structure
  artifactKey: Guid(9a17b63390b2416458c1a71c8f5b7af5) Importer(815301076,1909f56bfc062723c751e8b465ee728b)
Start importing Assets/AssetStoreOriginals/_SNAPS_PrototypingAssets/SciFi_Industrial/Prefabs/Structure using Guid(9a17b63390b2416458c1a71c8f5b7af5) Importer(815301076,1909f56bfc062723c751e8b465ee728b)  -> (artifact id: '007d57baf2efefeb42a26623be00a426') in 0.003097 seconds
  Import took 0.005999 seconds .

========================================================================
Received Import Request.
  Time since last request: 2.496595 seconds.
  path: Assets/AssetStoreOriginals/_SNAPS_PrototypingAssets/SciFi_Industrial/Prefabs/Structure/Floors_Ceilings
  artifactKey: Guid(91daaf22674e9ed48b0e397502fcb0ce) Importer(815301076,1909f56bfc062723c751e8b465ee728b)
Start importing Assets/AssetStoreOriginals/_SNAPS_PrototypingAssets/SciFi_Industrial/Prefabs/Structure/Floors_Ceilings using Guid(91daaf22674e9ed48b0e397502fcb0ce) Importer(815301076,1909f56bfc062723c751e8b465ee728b)  -> (artifact id: '1312204875d6fe320d5416789ad9f53c') in 0.004003 seconds
  Import took 0.006999 seconds .

========================================================================
Received Import Request.
  Time since last request: 0.092489 seconds.
  path: Assets/AssetStoreOriginals/_SNAPS_PrototypingAssets/SciFi_Industrial/Prefabs/Structure/Floors_Ceilings/Deck_Ceiling_01_snaps002.prefab
  artifactKey: Guid(dad5ac76e863a834aa3d74b266e53f15) Importer(815301076,1909f56bfc062723c751e8b465ee728b)
Start importing Assets/AssetStoreOriginals/_SNAPS_PrototypingAssets/SciFi_Industrial/Prefabs/Structure/Floors_Ceilings/Deck_Ceiling_01_snaps002.prefab using Guid(dad5ac76e863a834aa3d74b266e53f15) Importer(815301076,1909f56bfc062723c751e8b465ee728b)  -> (artifact id: 'd9d11e4e9589353a6b2fa9db24a0f512') in 0.379953 seconds
  Import took 0.382949 seconds .

========================================================================
Received Import Request.
  Time since last request: 0.000272 seconds.
  path: Assets/AssetStoreOriginals/_SNAPS_PrototypingAssets/SciFi_Industrial/Prefabs/Structure/Floors_Ceilings/Quart_Floor_02_snaps002.prefab
  artifactKey: Guid(b87038a107f3a6c46a43a708f8f4e175) Importer(815301076,1909f56bfc062723c751e8b465ee728b)
Start importing Assets/AssetStoreOriginals/_SNAPS_PrototypingAssets/SciFi_Industrial/Prefabs/Structure/Floors_Ceilings/Quart_Floor_02_snaps002.prefab using Guid(b87038a107f3a6c46a43a708f8f4e175) Importer(815301076,1909f56bfc062723c751e8b465ee728b)  -> (artifact id: '46ec0105c80177b6f776730b9024c2fb') in 0.013829 seconds
  Import took 0.016899 seconds .

========================================================================
Received Import Request.
  Time since last request: 0.000296 seconds.
  path: Assets/AssetStoreOriginals/_SNAPS_PrototypingAssets/SciFi_Industrial/Prefabs/Structure/Floors_Ceilings/Deck_Floor_01_snaps002.prefab
  artifactKey: Guid(d386f8832054e9c4ebb7feebef84fb0c) Importer(815301076,1909f56bfc062723c751e8b465ee728b)
Start importing Assets/AssetStoreOriginals/_SNAPS_PrototypingAssets/SciFi_Industrial/Prefabs/Structure/Floors_Ceilings/Deck_Floor_01_snaps002.prefab using Guid(d386f8832054e9c4ebb7feebef84fb0c) Importer(815301076,1909f56bfc062723c751e8b465ee728b)  -> (artifact id: 'dbe4e33f6dab30fe211770e6135e9375') in 0.015102 seconds
  Import took 0.018406 seconds .

========================================================================
Received Import Request.
  Time since last request: 0.000432 seconds.
  path: Assets/AssetStoreOriginals/_SNAPS_PrototypingAssets/SciFi_Industrial/Prefabs/Structure/Floors_Ceilings/Gen_Floor_02_snaps002.prefab
  artifactKey: Guid(113eb5af96ee2094eac8dc88dfc5b274) Importer(815301076,1909f56bfc062723c751e8b465ee728b)
Start importing Assets/AssetStoreOriginals/_SNAPS_PrototypingAssets/SciFi_Industrial/Prefabs/Structure/Floors_Ceilings/Gen_Floor_02_snaps002.prefab using Guid(113eb5af96ee2094eac8dc88dfc5b274) Importer(815301076,1909f56bfc062723c751e8b465ee728b)  -> (artifact id: 'b207ad475f413ed7870275a97adf06ec') in 0.014278 seconds
  Import took 0.017943 seconds .

========================================================================
Received Import Request.
  Time since last request: 0.000311 seconds.
  path: Assets/AssetStoreOriginals/_SNAPS_PrototypingAssets/SciFi_Industrial/Prefabs/Structure/Floors_Ceilings/Quart_FloorCeiling_01_snaps002.prefab
  artifactKey: Guid(6b1b1129abf04be4f96d8cadf3c9c816) Importer(815301076,1909f56bfc062723c751e8b465ee728b)
Start importing Assets/AssetStoreOriginals/_SNAPS_PrototypingAssets/SciFi_Industrial/Prefabs/Structure/Floors_Ceilings/Quart_FloorCeiling_01_snaps002.prefab using Guid(6b1b1129abf04be4f96d8cadf3c9c816) Importer(815301076,1909f56bfc062723c751e8b465ee728b)  -> (artifact id: '302b7f055722fc602596d6da4a269cf6') in 0.044518 seconds
  Import took 0.047487 seconds .

========================================================================
Received Import Request.
  Time since last request: 0.000406 seconds.
  path: Assets/AssetStoreOriginals/_SNAPS_PrototypingAssets/SciFi_Industrial/Prefabs/Structure/Floors_Ceilings/Quart_Ceiling_02_snaps002.prefab
  artifactKey: Guid(47645e6370fb9eb498189c1439e90c3a) Importer(815301076,1909f56bfc062723c751e8b465ee728b)
Start importing Assets/AssetStoreOriginals/_SNAPS_PrototypingAssets/SciFi_Industrial/Prefabs/Structure/Floors_Ceilings/Quart_Ceiling_02_snaps002.prefab using Guid(47645e6370fb9eb498189c1439e90c3a) Importer(815301076,1909f56bfc062723c751e8b465ee728b)  -> (artifact id: '506e20b72a87797db4de5bd6da453047') in 0.015410 seconds
  Import took 0.019344 seconds .

========================================================================
Received Import Request.
  Time since last request: 0.000331 seconds.
  path: Assets/AssetStoreOriginals/_SNAPS_PrototypingAssets/SciFi_Industrial/Prefabs/Structure/Floors_Ceilings/Deck_Ceiling_02_snaps002.prefab
  artifactKey: Guid(1a8e35a83ad2f4d449d1255a2310462c) Importer(815301076,1909f56bfc062723c751e8b465ee728b)
Start importing Assets/AssetStoreOriginals/_SNAPS_PrototypingAssets/SciFi_Industrial/Prefabs/Structure/Floors_Ceilings/Deck_Ceiling_02_snaps002.prefab using Guid(1a8e35a83ad2f4d449d1255a2310462c) Importer(815301076,1909f56bfc062723c751e8b465ee728b)  -> (artifact id: 'c7a7bec25ada3f77fe0cd49dd53c2b57') in 0.017060 seconds
  Import took 0.020717 seconds .

========================================================================
Received Import Request.
  Time since last request: 0.000305 seconds.
  path: Assets/AssetStoreOriginals/_SNAPS_PrototypingAssets/SciFi_Industrial/Prefabs/Structure/Floors_Ceilings/Gen_FloorCeiling_01_snaps002.prefab
  artifactKey: Guid(48747a2f9069f384597b1a434690ae2d) Importer(815301076,1909f56bfc062723c751e8b465ee728b)
Start importing Assets/AssetStoreOriginals/_SNAPS_PrototypingAssets/SciFi_Industrial/Prefabs/Structure/Floors_Ceilings/Gen_FloorCeiling_01_snaps002.prefab using Guid(48747a2f9069f384597b1a434690ae2d) Importer(815301076,1909f56bfc062723c751e8b465ee728b)  -> (artifact id: 'c59ec93213d5eec16e59479b3fbe27eb') in 0.016191 seconds
  Import took 0.019533 seconds .

========================================================================
Received Import Request.
  Time since last request: 0.000275 seconds.
  path: Assets/AssetStoreOriginals/_SNAPS_PrototypingAssets/SciFi_Industrial/Prefabs/Structure/Floors_Ceilings/Gen_Ceiling_01_snaps002.prefab
  artifactKey: Guid(2955c9e25b5689241aa77f1655c69b25) Importer(815301076,1909f56bfc062723c751e8b465ee728b)
Start importing Assets/AssetStoreOriginals/_SNAPS_PrototypingAssets/SciFi_Industrial/Prefabs/Structure/Floors_Ceilings/Gen_Ceiling_01_snaps002.prefab using Guid(2955c9e25b5689241aa77f1655c69b25) Importer(815301076,1909f56bfc062723c751e8b465ee728b)  -> (artifact id: '4b9065f033c10bdecc825533b1e2bc86') in 0.015534 seconds
  Import took 0.019120 seconds .

========================================================================
Received Import Request.
  Time since last request: 0.000291 seconds.
  path: Assets/AssetStoreOriginals/_SNAPS_PrototypingAssets/SciFi_Industrial/Prefabs/Structure/Floors_Ceilings/Gen_Floor_01_snaps002.prefab
  artifactKey: Guid(7de2f47ecbafa1a429e13c54d20d7bdb) Importer(815301076,1909f56bfc062723c751e8b465ee728b)
Start importing Assets/AssetStoreOriginals/_SNAPS_PrototypingAssets/SciFi_Industrial/Prefabs/Structure/Floors_Ceilings/Gen_Floor_01_snaps002.prefab using Guid(7de2f47ecbafa1a429e13c54d20d7bdb) Importer(815301076,1909f56bfc062723c751e8b465ee728b)  -> (artifact id: 'dc42af815abae95746adc5c32443860d') in 0.015782 seconds
  Import took 0.020099 seconds .

========================================================================
Received Import Request.
  Time since last request: 0.000378 seconds.
  path: Assets/AssetStoreOriginals/_SNAPS_PrototypingAssets/SciFi_Industrial/Prefabs/Structure/Floors_Ceilings/Gen_FloorCeiling_02_snaps002.prefab
  artifactKey: Guid(36f73ba48af97f64fb68b254be9aaab5) Importer(815301076,1909f56bfc062723c751e8b465ee728b)
Start importing Assets/AssetStoreOriginals/_SNAPS_PrototypingAssets/SciFi_Industrial/Prefabs/Structure/Floors_Ceilings/Gen_FloorCeiling_02_snaps002.prefab using Guid(36f73ba48af97f64fb68b254be9aaab5) Importer(815301076,1909f56bfc062723c751e8b465ee728b)  -> (artifact id: 'a3c8385113817fe07cd7e2cbcef6676c') in 0.013961 seconds
  Import took 0.018083 seconds .

========================================================================
Received Import Request.
  Time since last request: 0.000443 seconds.
  path: Assets/AssetStoreOriginals/_SNAPS_PrototypingAssets/SciFi_Industrial/Prefabs/Structure/Floors_Ceilings/Gen_Floor_03_snaps002.prefab
  artifactKey: Guid(c45c41f59dbb9894cb895ef86d325026) Importer(815301076,1909f56bfc062723c751e8b465ee728b)
Start importing Assets/AssetStoreOriginals/_SNAPS_PrototypingAssets/SciFi_Industrial/Prefabs/Structure/Floors_Ceilings/Gen_Floor_03_snaps002.prefab using Guid(c45c41f59dbb9894cb895ef86d325026) Importer(815301076,1909f56bfc062723c751e8b465ee728b)  -> (artifact id: '169be36d617a14fc5492372aec4a23bd') in 0.013135 seconds
  Import took 0.016514 seconds .

========================================================================
Received Import Request.
  Time since last request: 0.000414 seconds.
  path: Assets/AssetStoreOriginals/_SNAPS_PrototypingAssets/SciFi_Industrial/Prefabs/Structure/Floors_Ceilings/Quart_Ceiling_01_snaps002.prefab
  artifactKey: Guid(33e0e05dd604df144b8444bce5f133e1) Importer(815301076,1909f56bfc062723c751e8b465ee728b)
Start importing Assets/AssetStoreOriginals/_SNAPS_PrototypingAssets/SciFi_Industrial/Prefabs/Structure/Floors_Ceilings/Quart_Ceiling_01_snaps002.prefab using Guid(33e0e05dd604df144b8444bce5f133e1) Importer(815301076,1909f56bfc062723c751e8b465ee728b)  -> (artifact id: 'bf1fa70cb1b904c6e8ac212832c75f9b') in 0.012870 seconds
  Import took 0.016075 seconds .

========================================================================
Received Import Request.
  Time since last request: 0.000349 seconds.
  path: Assets/AssetStoreOriginals/_SNAPS_PrototypingAssets/SciFi_Industrial/Prefabs/Structure/Floors_Ceilings/Quart_Floor_01_snaps002.prefab
  artifactKey: Guid(abf3564a5d03acb4eb8b1fb4f5bec245) Importer(815301076,1909f56bfc062723c751e8b465ee728b)
Start importing Assets/AssetStoreOriginals/_SNAPS_PrototypingAssets/SciFi_Industrial/Prefabs/Structure/Floors_Ceilings/Quart_Floor_01_snaps002.prefab using Guid(abf3564a5d03acb4eb8b1fb4f5bec245) Importer(815301076,1909f56bfc062723c751e8b465ee728b)  -> (artifact id: '2cf828cdf427c81cffc2d6e9b042bee9') in 0.013645 seconds
  Import took 0.017048 seconds .

========================================================================
Received Import Request.
  Time since last request: 0.000252 seconds.
  path: Assets/AssetStoreOriginals/_SNAPS_PrototypingAssets/SciFi_Industrial/Prefabs/Structure/Floors_Ceilings/Deck_FloorCeiling_01_snaps002.prefab
  artifactKey: Guid(9727ae13651b3ec479e72087edcab97a) Importer(815301076,1909f56bfc062723c751e8b465ee728b)
Start importing Assets/AssetStoreOriginals/_SNAPS_PrototypingAssets/SciFi_Industrial/Prefabs/Structure/Floors_Ceilings/Deck_FloorCeiling_01_snaps002.prefab using Guid(9727ae13651b3ec479e72087edcab97a) Importer(815301076,1909f56bfc062723c751e8b465ee728b)  -> (artifact id: 'fe5695276cc94d68e904bacd8fcc252d') in 0.013486 seconds
  Import took 0.016706 seconds .

========================================================================
Received Import Request.
  Time since last request: 0.000306 seconds.
  path: Assets/AssetStoreOriginals/_SNAPS_PrototypingAssets/SciFi_Industrial/Prefabs/Structure/Floors_Ceilings/Hale_Floor_01_snaps002.prefab
  artifactKey: Guid(98f74ca2aa4d988459ca0b72d44bd59b) Importer(815301076,1909f56bfc062723c751e8b465ee728b)
Start importing Assets/AssetStoreOriginals/_SNAPS_PrototypingAssets/SciFi_Industrial/Prefabs/Structure/Floors_Ceilings/Hale_Floor_01_snaps002.prefab using Guid(98f74ca2aa4d988459ca0b72d44bd59b) Importer(815301076,1909f56bfc062723c751e8b465ee728b)  -> (artifact id: '4867ba76e9726705b03bd6a64f58e5a1') in 0.015116 seconds
  Import took 0.018428 seconds .

========================================================================
Received Import Request.
  Time since last request: 0.000269 seconds.
  path: Assets/AssetStoreOriginals/_SNAPS_PrototypingAssets/SciFi_Industrial/Prefabs/Structure/Floors_Ceilings/Gen_Ceiling_02_snaps002.prefab
  artifactKey: Guid(5ec31ae96fe47a645a19a2facf06e472) Importer(815301076,1909f56bfc062723c751e8b465ee728b)
Start importing Assets/AssetStoreOriginals/_SNAPS_PrototypingAssets/SciFi_Industrial/Prefabs/Structure/Floors_Ceilings/Gen_Ceiling_02_snaps002.prefab using Guid(5ec31ae96fe47a645a19a2facf06e472) Importer(815301076,1909f56bfc062723c751e8b465ee728b)  -> (artifact id: 'fb552b2cd1442eb44e234092795b58bb') in 0.013640 seconds
  Import took 0.017202 seconds .

========================================================================
Received Import Request.
  Time since last request: 0.000341 seconds.
  path: Assets/AssetStoreOriginals/_SNAPS_PrototypingAssets/SciFi_Industrial/Prefabs/Structure/Floors_Ceilings/Hale_Floor_01_Side_snaps002.prefab
  artifactKey: Guid(d9b3137296eb11547a955d82c9ffcc3b) Importer(815301076,1909f56bfc062723c751e8b465ee728b)
Start importing Assets/AssetStoreOriginals/_SNAPS_PrototypingAssets/SciFi_Industrial/Prefabs/Structure/Floors_Ceilings/Hale_Floor_01_Side_snaps002.prefab using Guid(d9b3137296eb11547a955d82c9ffcc3b) Importer(815301076,1909f56bfc062723c751e8b465ee728b)  -> (artifact id: '09aa53c0f511af5f53008dfbd2ac5d26') in 0.011418 seconds
  Import took 0.014208 seconds .

========================================================================
Received Import Request.
  Time since last request: 0.000184 seconds.
  path: Assets/AssetStoreOriginals/_SNAPS_PrototypingAssets/SciFi_Industrial/Prefabs/Structure/Floors_Ceilings/Deck_Floor_02_snaps002.prefab
  artifactKey: Guid(9592a7dea975ad14ea86cfd49b776629) Importer(815301076,1909f56bfc062723c751e8b465ee728b)
Start importing Assets/AssetStoreOriginals/_SNAPS_PrototypingAssets/SciFi_Industrial/Prefabs/Structure/Floors_Ceilings/Deck_Floor_02_snaps002.prefab using Guid(9592a7dea975ad14ea86cfd49b776629) Importer(815301076,1909f56bfc062723c751e8b465ee728b)  -> (artifact id: '44eac784434cc4d63bca7375cdaad71f') in 0.009209 seconds
  Import took 0.012030 seconds .

========================================================================
Received Import Request.
  Time since last request: 0.000168 seconds.
  path: Assets/AssetStoreOriginals/_SNAPS_PrototypingAssets/SciFi_Industrial/Prefabs/Structure/Floors_Ceilings/Gen_Floor_04_snaps002.prefab
  artifactKey: Guid(42e949fded9304745a989ca004f5bf58) Importer(815301076,1909f56bfc062723c751e8b465ee728b)
Start importing Assets/AssetStoreOriginals/_SNAPS_PrototypingAssets/SciFi_Industrial/Prefabs/Structure/Floors_Ceilings/Gen_Floor_04_snaps002.prefab using Guid(42e949fded9304745a989ca004f5bf58) Importer(815301076,1909f56bfc062723c751e8b465ee728b)  -> (artifact id: '262d7c0d3dcd725e3ac064db04944f52') in 0.010212 seconds
  Import took 0.013048 seconds .

========================================================================
Received Import Request.
  Time since last request: 0.000193 seconds.
  path: Assets/AssetStoreOriginals/_SNAPS_PrototypingAssets/SciFi_Industrial/Prefabs/Structure/Floors_Ceilings/Deck_FloorCeiling_02_snaps002.prefab
  artifactKey: Guid(f0a79492ccfa33543807bc41d1ffe7fa) Importer(815301076,1909f56bfc062723c751e8b465ee728b)
Start importing Assets/AssetStoreOriginals/_SNAPS_PrototypingAssets/SciFi_Industrial/Prefabs/Structure/Floors_Ceilings/Deck_FloorCeiling_02_snaps002.prefab using Guid(f0a79492ccfa33543807bc41d1ffe7fa) Importer(815301076,1909f56bfc062723c751e8b465ee728b)  -> (artifact id: '347b0387430e0f83344b4d4244f6cf74') in 0.011070 seconds
  Import took 0.014111 seconds .

========================================================================
Received Import Request.
  Time since last request: 0.000199 seconds.
  path: Assets/AssetStoreOriginals/_SNAPS_PrototypingAssets/SciFi_Industrial/Prefabs/Structure/Floors_Ceilings/Quart_Ceiling_03_snaps002.prefab
  artifactKey: Guid(f6dc5f41ba87d3f40afdd5b7e878e2f6) Importer(815301076,1909f56bfc062723c751e8b465ee728b)
Start importing Assets/AssetStoreOriginals/_SNAPS_PrototypingAssets/SciFi_Industrial/Prefabs/Structure/Floors_Ceilings/Quart_Ceiling_03_snaps002.prefab using Guid(f6dc5f41ba87d3f40afdd5b7e878e2f6) Importer(815301076,1909f56bfc062723c751e8b465ee728b)  -> (artifact id: '6b96fa817c99e9972d7b691167dfc9dc') in 0.013352 seconds
  Import took 0.016465 seconds .

